[2023-11-01T01:29:46.248+0000] {processor.py:157} INFO - Started process (PID=26736) to work on /home/ubuntu/airflow/dags/customer_churn_dag.py
[2023-11-01T01:29:46.249+0000] {processor.py:829} INFO - Processing file /home/ubuntu/airflow/dags/customer_churn_dag.py for tasks to queue
[2023-11-01T01:29:46.250+0000] {logging_mixin.py:151} INFO - [2023-11-01T01:29:46.249+0000] {dagbag.py:536} INFO - Filling up the DagBag from /home/ubuntu/airflow/dags/customer_churn_dag.py
[2023-11-01T01:29:46.253+0000] {logging_mixin.py:151} INFO - [2023-11-01T01:29:46.253+0000] {dagbag.py:346} ERROR - Failed to import: /home/ubuntu/airflow/dags/customer_churn_dag.py
Traceback (most recent call last):
  File "/usr/local/lib/python3.10/dist-packages/airflow/models/dagbag.py", line 342, in parse
    loader.exec_module(new_module)
  File "<frozen importlib._bootstrap_external>", line 883, in exec_module
  File "<frozen importlib._bootstrap>", line 241, in _call_with_frames_removed
  File "/home/ubuntu/airflow/dags/customer_churn_dag.py", line 4, in <module>
    from airflow.providers.amazon.aws.hooks.base_aws import AwsGenericHook
ModuleNotFoundError: No module named 'airflow.providers.amazon'
[2023-11-01T01:29:46.254+0000] {processor.py:841} WARNING - No viable dags retrieved from /home/ubuntu/airflow/dags/customer_churn_dag.py
[2023-11-01T01:29:46.273+0000] {processor.py:179} INFO - Processing /home/ubuntu/airflow/dags/customer_churn_dag.py took 0.028 seconds
[2023-11-01T01:30:16.442+0000] {processor.py:157} INFO - Started process (PID=26738) to work on /home/ubuntu/airflow/dags/customer_churn_dag.py
[2023-11-01T01:30:16.443+0000] {processor.py:829} INFO - Processing file /home/ubuntu/airflow/dags/customer_churn_dag.py for tasks to queue
[2023-11-01T01:30:16.444+0000] {logging_mixin.py:151} INFO - [2023-11-01T01:30:16.443+0000] {dagbag.py:536} INFO - Filling up the DagBag from /home/ubuntu/airflow/dags/customer_churn_dag.py
[2023-11-01T01:30:16.447+0000] {logging_mixin.py:151} INFO - [2023-11-01T01:30:16.447+0000] {dagbag.py:346} ERROR - Failed to import: /home/ubuntu/airflow/dags/customer_churn_dag.py
Traceback (most recent call last):
  File "/usr/local/lib/python3.10/dist-packages/airflow/models/dagbag.py", line 342, in parse
    loader.exec_module(new_module)
  File "<frozen importlib._bootstrap_external>", line 883, in exec_module
  File "<frozen importlib._bootstrap>", line 241, in _call_with_frames_removed
  File "/home/ubuntu/airflow/dags/customer_churn_dag.py", line 4, in <module>
    from airflow.providers.amazon.aws.hooks.base_aws import AwsGenericHook
ModuleNotFoundError: No module named 'airflow.providers.amazon'
[2023-11-01T01:30:16.448+0000] {processor.py:841} WARNING - No viable dags retrieved from /home/ubuntu/airflow/dags/customer_churn_dag.py
[2023-11-01T01:30:16.472+0000] {processor.py:179} INFO - Processing /home/ubuntu/airflow/dags/customer_churn_dag.py took 0.033 seconds
[2023-11-01T01:30:42.803+0000] {processor.py:157} INFO - Started process (PID=26746) to work on /home/ubuntu/airflow/dags/customer_churn_dag.py
[2023-11-01T01:30:42.804+0000] {processor.py:829} INFO - Processing file /home/ubuntu/airflow/dags/customer_churn_dag.py for tasks to queue
[2023-11-01T01:30:42.805+0000] {logging_mixin.py:151} INFO - [2023-11-01T01:30:42.805+0000] {dagbag.py:536} INFO - Filling up the DagBag from /home/ubuntu/airflow/dags/customer_churn_dag.py
[2023-11-01T01:30:42.810+0000] {logging_mixin.py:151} INFO - [2023-11-01T01:30:42.809+0000] {dagbag.py:346} ERROR - Failed to import: /home/ubuntu/airflow/dags/customer_churn_dag.py
Traceback (most recent call last):
  File "/usr/local/lib/python3.10/dist-packages/airflow/models/dagbag.py", line 342, in parse
    loader.exec_module(new_module)
  File "<frozen importlib._bootstrap_external>", line 883, in exec_module
  File "<frozen importlib._bootstrap>", line 241, in _call_with_frames_removed
  File "/home/ubuntu/airflow/dags/customer_churn_dag.py", line 4, in <module>
    from airflow.providers.amazon.aws.hooks.base_aws import AwsGenericHook
ModuleNotFoundError: No module named 'airflow.providers.amazon'
[2023-11-01T01:30:42.810+0000] {processor.py:841} WARNING - No viable dags retrieved from /home/ubuntu/airflow/dags/customer_churn_dag.py
[2023-11-01T01:30:42.831+0000] {processor.py:179} INFO - Processing /home/ubuntu/airflow/dags/customer_churn_dag.py took 0.031 seconds
[2023-11-01T01:31:13.047+0000] {processor.py:157} INFO - Started process (PID=26752) to work on /home/ubuntu/airflow/dags/customer_churn_dag.py
[2023-11-01T01:31:13.048+0000] {processor.py:829} INFO - Processing file /home/ubuntu/airflow/dags/customer_churn_dag.py for tasks to queue
[2023-11-01T01:31:13.049+0000] {logging_mixin.py:151} INFO - [2023-11-01T01:31:13.049+0000] {dagbag.py:536} INFO - Filling up the DagBag from /home/ubuntu/airflow/dags/customer_churn_dag.py
[2023-11-01T01:31:13.053+0000] {logging_mixin.py:151} INFO - [2023-11-01T01:31:13.052+0000] {dagbag.py:346} ERROR - Failed to import: /home/ubuntu/airflow/dags/customer_churn_dag.py
Traceback (most recent call last):
  File "/usr/local/lib/python3.10/dist-packages/airflow/models/dagbag.py", line 342, in parse
    loader.exec_module(new_module)
  File "<frozen importlib._bootstrap_external>", line 883, in exec_module
  File "<frozen importlib._bootstrap>", line 241, in _call_with_frames_removed
  File "/home/ubuntu/airflow/dags/customer_churn_dag.py", line 4, in <module>
    from airflow.providers.amazon.aws.hooks.base_aws import AwsGenericHook
ModuleNotFoundError: No module named 'airflow.providers.amazon'
[2023-11-01T01:31:13.053+0000] {processor.py:841} WARNING - No viable dags retrieved from /home/ubuntu/airflow/dags/customer_churn_dag.py
[2023-11-01T01:31:13.075+0000] {processor.py:179} INFO - Processing /home/ubuntu/airflow/dags/customer_churn_dag.py took 0.032 seconds
[2023-11-01T01:31:43.292+0000] {processor.py:157} INFO - Started process (PID=26753) to work on /home/ubuntu/airflow/dags/customer_churn_dag.py
[2023-11-01T01:31:43.292+0000] {processor.py:829} INFO - Processing file /home/ubuntu/airflow/dags/customer_churn_dag.py for tasks to queue
[2023-11-01T01:31:43.293+0000] {logging_mixin.py:151} INFO - [2023-11-01T01:31:43.293+0000] {dagbag.py:536} INFO - Filling up the DagBag from /home/ubuntu/airflow/dags/customer_churn_dag.py
[2023-11-01T01:31:43.297+0000] {logging_mixin.py:151} INFO - [2023-11-01T01:31:43.296+0000] {dagbag.py:346} ERROR - Failed to import: /home/ubuntu/airflow/dags/customer_churn_dag.py
Traceback (most recent call last):
  File "/usr/local/lib/python3.10/dist-packages/airflow/models/dagbag.py", line 342, in parse
    loader.exec_module(new_module)
  File "<frozen importlib._bootstrap_external>", line 883, in exec_module
  File "<frozen importlib._bootstrap>", line 241, in _call_with_frames_removed
  File "/home/ubuntu/airflow/dags/customer_churn_dag.py", line 4, in <module>
    from airflow.providers.amazon.aws.hooks.base_aws import AwsGenericHook
ModuleNotFoundError: No module named 'airflow.providers.amazon'
[2023-11-01T01:31:43.297+0000] {processor.py:841} WARNING - No viable dags retrieved from /home/ubuntu/airflow/dags/customer_churn_dag.py
[2023-11-01T01:31:43.437+0000] {processor.py:179} INFO - Processing /home/ubuntu/airflow/dags/customer_churn_dag.py took 0.149 seconds
[2023-11-01T01:32:13.544+0000] {processor.py:157} INFO - Started process (PID=26754) to work on /home/ubuntu/airflow/dags/customer_churn_dag.py
[2023-11-01T01:32:13.545+0000] {processor.py:829} INFO - Processing file /home/ubuntu/airflow/dags/customer_churn_dag.py for tasks to queue
[2023-11-01T01:32:13.546+0000] {logging_mixin.py:151} INFO - [2023-11-01T01:32:13.546+0000] {dagbag.py:536} INFO - Filling up the DagBag from /home/ubuntu/airflow/dags/customer_churn_dag.py
[2023-11-01T01:32:13.550+0000] {logging_mixin.py:151} INFO - [2023-11-01T01:32:13.549+0000] {dagbag.py:346} ERROR - Failed to import: /home/ubuntu/airflow/dags/customer_churn_dag.py
Traceback (most recent call last):
  File "/usr/local/lib/python3.10/dist-packages/airflow/models/dagbag.py", line 342, in parse
    loader.exec_module(new_module)
  File "<frozen importlib._bootstrap_external>", line 883, in exec_module
  File "<frozen importlib._bootstrap>", line 241, in _call_with_frames_removed
  File "/home/ubuntu/airflow/dags/customer_churn_dag.py", line 4, in <module>
    from airflow.providers.amazon.aws.hooks.base_aws import AwsGenericHook
ModuleNotFoundError: No module named 'airflow.providers.amazon'
[2023-11-01T01:32:13.550+0000] {processor.py:841} WARNING - No viable dags retrieved from /home/ubuntu/airflow/dags/customer_churn_dag.py
[2023-11-01T01:32:13.569+0000] {processor.py:179} INFO - Processing /home/ubuntu/airflow/dags/customer_churn_dag.py took 0.029 seconds
[2023-11-01T01:32:43.788+0000] {processor.py:157} INFO - Started process (PID=26755) to work on /home/ubuntu/airflow/dags/customer_churn_dag.py
[2023-11-01T01:32:43.789+0000] {processor.py:829} INFO - Processing file /home/ubuntu/airflow/dags/customer_churn_dag.py for tasks to queue
[2023-11-01T01:32:43.790+0000] {logging_mixin.py:151} INFO - [2023-11-01T01:32:43.789+0000] {dagbag.py:536} INFO - Filling up the DagBag from /home/ubuntu/airflow/dags/customer_churn_dag.py
[2023-11-01T01:32:43.794+0000] {logging_mixin.py:151} INFO - [2023-11-01T01:32:43.793+0000] {dagbag.py:346} ERROR - Failed to import: /home/ubuntu/airflow/dags/customer_churn_dag.py
Traceback (most recent call last):
  File "/usr/local/lib/python3.10/dist-packages/airflow/models/dagbag.py", line 342, in parse
    loader.exec_module(new_module)
  File "<frozen importlib._bootstrap_external>", line 883, in exec_module
  File "<frozen importlib._bootstrap>", line 241, in _call_with_frames_removed
  File "/home/ubuntu/airflow/dags/customer_churn_dag.py", line 4, in <module>
    from airflow.providers.amazon.aws.hooks.base_aws import AwsGenericHook
ModuleNotFoundError: No module named 'airflow.providers.amazon'
[2023-11-01T01:32:43.794+0000] {processor.py:841} WARNING - No viable dags retrieved from /home/ubuntu/airflow/dags/customer_churn_dag.py
[2023-11-01T01:32:43.814+0000] {processor.py:179} INFO - Processing /home/ubuntu/airflow/dags/customer_churn_dag.py took 0.029 seconds
[2023-11-01T01:33:14.014+0000] {processor.py:157} INFO - Started process (PID=26757) to work on /home/ubuntu/airflow/dags/customer_churn_dag.py
[2023-11-01T01:33:14.015+0000] {processor.py:829} INFO - Processing file /home/ubuntu/airflow/dags/customer_churn_dag.py for tasks to queue
[2023-11-01T01:33:14.016+0000] {logging_mixin.py:151} INFO - [2023-11-01T01:33:14.016+0000] {dagbag.py:536} INFO - Filling up the DagBag from /home/ubuntu/airflow/dags/customer_churn_dag.py
[2023-11-01T01:33:14.020+0000] {logging_mixin.py:151} INFO - [2023-11-01T01:33:14.019+0000] {dagbag.py:346} ERROR - Failed to import: /home/ubuntu/airflow/dags/customer_churn_dag.py
Traceback (most recent call last):
  File "/usr/local/lib/python3.10/dist-packages/airflow/models/dagbag.py", line 342, in parse
    loader.exec_module(new_module)
  File "<frozen importlib._bootstrap_external>", line 883, in exec_module
  File "<frozen importlib._bootstrap>", line 241, in _call_with_frames_removed
  File "/home/ubuntu/airflow/dags/customer_churn_dag.py", line 4, in <module>
    from airflow.providers.amazon.aws.hooks.base_aws import AwsGenericHook
ModuleNotFoundError: No module named 'airflow.providers.amazon'
[2023-11-01T01:33:14.020+0000] {processor.py:841} WARNING - No viable dags retrieved from /home/ubuntu/airflow/dags/customer_churn_dag.py
[2023-11-01T01:33:14.040+0000] {processor.py:179} INFO - Processing /home/ubuntu/airflow/dags/customer_churn_dag.py took 0.030 seconds
[2023-11-01T01:33:44.252+0000] {processor.py:157} INFO - Started process (PID=26758) to work on /home/ubuntu/airflow/dags/customer_churn_dag.py
[2023-11-01T01:33:44.253+0000] {processor.py:829} INFO - Processing file /home/ubuntu/airflow/dags/customer_churn_dag.py for tasks to queue
[2023-11-01T01:33:44.254+0000] {logging_mixin.py:151} INFO - [2023-11-01T01:33:44.253+0000] {dagbag.py:536} INFO - Filling up the DagBag from /home/ubuntu/airflow/dags/customer_churn_dag.py
[2023-11-01T01:33:44.258+0000] {logging_mixin.py:151} INFO - [2023-11-01T01:33:44.257+0000] {dagbag.py:346} ERROR - Failed to import: /home/ubuntu/airflow/dags/customer_churn_dag.py
Traceback (most recent call last):
  File "/usr/local/lib/python3.10/dist-packages/airflow/models/dagbag.py", line 342, in parse
    loader.exec_module(new_module)
  File "<frozen importlib._bootstrap_external>", line 883, in exec_module
  File "<frozen importlib._bootstrap>", line 241, in _call_with_frames_removed
  File "/home/ubuntu/airflow/dags/customer_churn_dag.py", line 4, in <module>
    from airflow.providers.amazon.aws.hooks.base_aws import AwsGenericHook
ModuleNotFoundError: No module named 'airflow.providers.amazon'
[2023-11-01T01:33:44.258+0000] {processor.py:841} WARNING - No viable dags retrieved from /home/ubuntu/airflow/dags/customer_churn_dag.py
[2023-11-01T01:33:44.277+0000] {processor.py:179} INFO - Processing /home/ubuntu/airflow/dags/customer_churn_dag.py took 0.028 seconds
[2023-11-01T01:34:14.494+0000] {processor.py:157} INFO - Started process (PID=26759) to work on /home/ubuntu/airflow/dags/customer_churn_dag.py
[2023-11-01T01:34:14.496+0000] {processor.py:829} INFO - Processing file /home/ubuntu/airflow/dags/customer_churn_dag.py for tasks to queue
[2023-11-01T01:34:14.497+0000] {logging_mixin.py:151} INFO - [2023-11-01T01:34:14.497+0000] {dagbag.py:536} INFO - Filling up the DagBag from /home/ubuntu/airflow/dags/customer_churn_dag.py
[2023-11-01T01:34:14.501+0000] {logging_mixin.py:151} INFO - [2023-11-01T01:34:14.500+0000] {dagbag.py:346} ERROR - Failed to import: /home/ubuntu/airflow/dags/customer_churn_dag.py
Traceback (most recent call last):
  File "/usr/local/lib/python3.10/dist-packages/airflow/models/dagbag.py", line 342, in parse
    loader.exec_module(new_module)
  File "<frozen importlib._bootstrap_external>", line 883, in exec_module
  File "<frozen importlib._bootstrap>", line 241, in _call_with_frames_removed
  File "/home/ubuntu/airflow/dags/customer_churn_dag.py", line 4, in <module>
    from airflow.providers.amazon.aws.hooks.base_aws import AwsGenericHook
ModuleNotFoundError: No module named 'airflow.providers.amazon'
[2023-11-01T01:34:14.501+0000] {processor.py:841} WARNING - No viable dags retrieved from /home/ubuntu/airflow/dags/customer_churn_dag.py
[2023-11-01T01:34:14.522+0000] {processor.py:179} INFO - Processing /home/ubuntu/airflow/dags/customer_churn_dag.py took 0.031 seconds
[2023-11-01T01:34:44.736+0000] {processor.py:157} INFO - Started process (PID=26760) to work on /home/ubuntu/airflow/dags/customer_churn_dag.py
[2023-11-01T01:34:44.737+0000] {processor.py:829} INFO - Processing file /home/ubuntu/airflow/dags/customer_churn_dag.py for tasks to queue
[2023-11-01T01:34:44.738+0000] {logging_mixin.py:151} INFO - [2023-11-01T01:34:44.738+0000] {dagbag.py:536} INFO - Filling up the DagBag from /home/ubuntu/airflow/dags/customer_churn_dag.py
[2023-11-01T01:34:44.742+0000] {logging_mixin.py:151} INFO - [2023-11-01T01:34:44.741+0000] {dagbag.py:346} ERROR - Failed to import: /home/ubuntu/airflow/dags/customer_churn_dag.py
Traceback (most recent call last):
  File "/usr/local/lib/python3.10/dist-packages/airflow/models/dagbag.py", line 342, in parse
    loader.exec_module(new_module)
  File "<frozen importlib._bootstrap_external>", line 883, in exec_module
  File "<frozen importlib._bootstrap>", line 241, in _call_with_frames_removed
  File "/home/ubuntu/airflow/dags/customer_churn_dag.py", line 4, in <module>
    from airflow.providers.amazon.aws.hooks.base_aws import AwsGenericHook
ModuleNotFoundError: No module named 'airflow.providers.amazon'
[2023-11-01T01:34:44.742+0000] {processor.py:841} WARNING - No viable dags retrieved from /home/ubuntu/airflow/dags/customer_churn_dag.py
[2023-11-01T01:34:44.775+0000] {processor.py:179} INFO - Processing /home/ubuntu/airflow/dags/customer_churn_dag.py took 0.042 seconds
[2023-11-01T01:35:14.991+0000] {processor.py:157} INFO - Started process (PID=26761) to work on /home/ubuntu/airflow/dags/customer_churn_dag.py
[2023-11-01T01:35:14.992+0000] {processor.py:829} INFO - Processing file /home/ubuntu/airflow/dags/customer_churn_dag.py for tasks to queue
[2023-11-01T01:35:14.993+0000] {logging_mixin.py:151} INFO - [2023-11-01T01:35:14.992+0000] {dagbag.py:536} INFO - Filling up the DagBag from /home/ubuntu/airflow/dags/customer_churn_dag.py
[2023-11-01T01:35:14.997+0000] {logging_mixin.py:151} INFO - [2023-11-01T01:35:14.996+0000] {dagbag.py:346} ERROR - Failed to import: /home/ubuntu/airflow/dags/customer_churn_dag.py
Traceback (most recent call last):
  File "/usr/local/lib/python3.10/dist-packages/airflow/models/dagbag.py", line 342, in parse
    loader.exec_module(new_module)
  File "<frozen importlib._bootstrap_external>", line 883, in exec_module
  File "<frozen importlib._bootstrap>", line 241, in _call_with_frames_removed
  File "/home/ubuntu/airflow/dags/customer_churn_dag.py", line 4, in <module>
    from airflow.providers.amazon.aws.hooks.base_aws import AwsGenericHook
ModuleNotFoundError: No module named 'airflow.providers.amazon'
[2023-11-01T01:35:14.997+0000] {processor.py:841} WARNING - No viable dags retrieved from /home/ubuntu/airflow/dags/customer_churn_dag.py
[2023-11-01T01:35:15.016+0000] {processor.py:179} INFO - Processing /home/ubuntu/airflow/dags/customer_churn_dag.py took 0.029 seconds
[2023-11-01T01:35:45.238+0000] {processor.py:157} INFO - Started process (PID=26764) to work on /home/ubuntu/airflow/dags/customer_churn_dag.py
[2023-11-01T01:35:45.239+0000] {processor.py:829} INFO - Processing file /home/ubuntu/airflow/dags/customer_churn_dag.py for tasks to queue
[2023-11-01T01:35:45.240+0000] {logging_mixin.py:151} INFO - [2023-11-01T01:35:45.239+0000] {dagbag.py:536} INFO - Filling up the DagBag from /home/ubuntu/airflow/dags/customer_churn_dag.py
[2023-11-01T01:35:45.243+0000] {logging_mixin.py:151} INFO - [2023-11-01T01:35:45.242+0000] {dagbag.py:346} ERROR - Failed to import: /home/ubuntu/airflow/dags/customer_churn_dag.py
Traceback (most recent call last):
  File "/usr/local/lib/python3.10/dist-packages/airflow/models/dagbag.py", line 342, in parse
    loader.exec_module(new_module)
  File "<frozen importlib._bootstrap_external>", line 883, in exec_module
  File "<frozen importlib._bootstrap>", line 241, in _call_with_frames_removed
  File "/home/ubuntu/airflow/dags/customer_churn_dag.py", line 4, in <module>
    from airflow.providers.amazon.aws.hooks.base_aws import AwsGenericHook
ModuleNotFoundError: No module named 'airflow.providers.amazon'
[2023-11-01T01:35:45.244+0000] {processor.py:841} WARNING - No viable dags retrieved from /home/ubuntu/airflow/dags/customer_churn_dag.py
[2023-11-01T01:35:45.263+0000] {processor.py:179} INFO - Processing /home/ubuntu/airflow/dags/customer_churn_dag.py took 0.029 seconds
[2023-11-01T01:36:15.485+0000] {processor.py:157} INFO - Started process (PID=26769) to work on /home/ubuntu/airflow/dags/customer_churn_dag.py
[2023-11-01T01:36:15.486+0000] {processor.py:829} INFO - Processing file /home/ubuntu/airflow/dags/customer_churn_dag.py for tasks to queue
[2023-11-01T01:36:15.487+0000] {logging_mixin.py:151} INFO - [2023-11-01T01:36:15.486+0000] {dagbag.py:536} INFO - Filling up the DagBag from /home/ubuntu/airflow/dags/customer_churn_dag.py
[2023-11-01T01:36:15.490+0000] {logging_mixin.py:151} INFO - [2023-11-01T01:36:15.490+0000] {dagbag.py:346} ERROR - Failed to import: /home/ubuntu/airflow/dags/customer_churn_dag.py
Traceback (most recent call last):
  File "/usr/local/lib/python3.10/dist-packages/airflow/models/dagbag.py", line 342, in parse
    loader.exec_module(new_module)
  File "<frozen importlib._bootstrap_external>", line 883, in exec_module
  File "<frozen importlib._bootstrap>", line 241, in _call_with_frames_removed
  File "/home/ubuntu/airflow/dags/customer_churn_dag.py", line 4, in <module>
    from airflow.providers.amazon.aws.hooks.base_aws import AwsGenericHook
ModuleNotFoundError: No module named 'airflow.providers.amazon'
[2023-11-01T01:36:15.491+0000] {processor.py:841} WARNING - No viable dags retrieved from /home/ubuntu/airflow/dags/customer_churn_dag.py
[2023-11-01T01:36:15.510+0000] {processor.py:179} INFO - Processing /home/ubuntu/airflow/dags/customer_churn_dag.py took 0.029 seconds
[2023-11-01T01:36:45.736+0000] {processor.py:157} INFO - Started process (PID=26770) to work on /home/ubuntu/airflow/dags/customer_churn_dag.py
[2023-11-01T01:36:45.737+0000] {processor.py:829} INFO - Processing file /home/ubuntu/airflow/dags/customer_churn_dag.py for tasks to queue
[2023-11-01T01:36:45.738+0000] {logging_mixin.py:151} INFO - [2023-11-01T01:36:45.737+0000] {dagbag.py:536} INFO - Filling up the DagBag from /home/ubuntu/airflow/dags/customer_churn_dag.py
[2023-11-01T01:36:45.742+0000] {logging_mixin.py:151} INFO - [2023-11-01T01:36:45.741+0000] {dagbag.py:346} ERROR - Failed to import: /home/ubuntu/airflow/dags/customer_churn_dag.py
Traceback (most recent call last):
  File "/usr/local/lib/python3.10/dist-packages/airflow/models/dagbag.py", line 342, in parse
    loader.exec_module(new_module)
  File "<frozen importlib._bootstrap_external>", line 883, in exec_module
  File "<frozen importlib._bootstrap>", line 241, in _call_with_frames_removed
  File "/home/ubuntu/airflow/dags/customer_churn_dag.py", line 4, in <module>
    from airflow.providers.amazon.aws.hooks.base_aws import AwsGenericHook
ModuleNotFoundError: No module named 'airflow.providers.amazon'
[2023-11-01T01:36:45.742+0000] {processor.py:841} WARNING - No viable dags retrieved from /home/ubuntu/airflow/dags/customer_churn_dag.py
[2023-11-01T01:36:45.761+0000] {processor.py:179} INFO - Processing /home/ubuntu/airflow/dags/customer_churn_dag.py took 0.029 seconds
[2023-11-01T01:37:15.979+0000] {processor.py:157} INFO - Started process (PID=26771) to work on /home/ubuntu/airflow/dags/customer_churn_dag.py
[2023-11-01T01:37:15.980+0000] {processor.py:829} INFO - Processing file /home/ubuntu/airflow/dags/customer_churn_dag.py for tasks to queue
[2023-11-01T01:37:15.981+0000] {logging_mixin.py:151} INFO - [2023-11-01T01:37:15.981+0000] {dagbag.py:536} INFO - Filling up the DagBag from /home/ubuntu/airflow/dags/customer_churn_dag.py
[2023-11-01T01:37:15.985+0000] {logging_mixin.py:151} INFO - [2023-11-01T01:37:15.984+0000] {dagbag.py:346} ERROR - Failed to import: /home/ubuntu/airflow/dags/customer_churn_dag.py
Traceback (most recent call last):
  File "/usr/local/lib/python3.10/dist-packages/airflow/models/dagbag.py", line 342, in parse
    loader.exec_module(new_module)
  File "<frozen importlib._bootstrap_external>", line 883, in exec_module
  File "<frozen importlib._bootstrap>", line 241, in _call_with_frames_removed
  File "/home/ubuntu/airflow/dags/customer_churn_dag.py", line 4, in <module>
    from airflow.providers.amazon.aws.hooks.base_aws import AwsGenericHook
ModuleNotFoundError: No module named 'airflow.providers.amazon'
[2023-11-01T01:37:15.985+0000] {processor.py:841} WARNING - No viable dags retrieved from /home/ubuntu/airflow/dags/customer_churn_dag.py
[2023-11-01T01:37:16.004+0000] {processor.py:179} INFO - Processing /home/ubuntu/airflow/dags/customer_churn_dag.py took 0.029 seconds
[2023-11-01T01:37:46.226+0000] {processor.py:157} INFO - Started process (PID=26772) to work on /home/ubuntu/airflow/dags/customer_churn_dag.py
[2023-11-01T01:37:46.227+0000] {processor.py:829} INFO - Processing file /home/ubuntu/airflow/dags/customer_churn_dag.py for tasks to queue
[2023-11-01T01:37:46.228+0000] {logging_mixin.py:151} INFO - [2023-11-01T01:37:46.227+0000] {dagbag.py:536} INFO - Filling up the DagBag from /home/ubuntu/airflow/dags/customer_churn_dag.py
[2023-11-01T01:37:46.231+0000] {logging_mixin.py:151} INFO - [2023-11-01T01:37:46.231+0000] {dagbag.py:346} ERROR - Failed to import: /home/ubuntu/airflow/dags/customer_churn_dag.py
Traceback (most recent call last):
  File "/usr/local/lib/python3.10/dist-packages/airflow/models/dagbag.py", line 342, in parse
    loader.exec_module(new_module)
  File "<frozen importlib._bootstrap_external>", line 883, in exec_module
  File "<frozen importlib._bootstrap>", line 241, in _call_with_frames_removed
  File "/home/ubuntu/airflow/dags/customer_churn_dag.py", line 4, in <module>
    from airflow.providers.amazon.aws.hooks.base_aws import AwsGenericHook
ModuleNotFoundError: No module named 'airflow.providers.amazon'
[2023-11-01T01:37:46.232+0000] {processor.py:841} WARNING - No viable dags retrieved from /home/ubuntu/airflow/dags/customer_churn_dag.py
[2023-11-01T01:37:46.251+0000] {processor.py:179} INFO - Processing /home/ubuntu/airflow/dags/customer_churn_dag.py took 0.029 seconds
[2023-11-01T01:38:16.478+0000] {processor.py:157} INFO - Started process (PID=26773) to work on /home/ubuntu/airflow/dags/customer_churn_dag.py
[2023-11-01T01:38:16.479+0000] {processor.py:829} INFO - Processing file /home/ubuntu/airflow/dags/customer_churn_dag.py for tasks to queue
[2023-11-01T01:38:16.480+0000] {logging_mixin.py:151} INFO - [2023-11-01T01:38:16.480+0000] {dagbag.py:536} INFO - Filling up the DagBag from /home/ubuntu/airflow/dags/customer_churn_dag.py
[2023-11-01T01:38:16.484+0000] {logging_mixin.py:151} INFO - [2023-11-01T01:38:16.483+0000] {dagbag.py:346} ERROR - Failed to import: /home/ubuntu/airflow/dags/customer_churn_dag.py
Traceback (most recent call last):
  File "/usr/local/lib/python3.10/dist-packages/airflow/models/dagbag.py", line 342, in parse
    loader.exec_module(new_module)
  File "<frozen importlib._bootstrap_external>", line 883, in exec_module
  File "<frozen importlib._bootstrap>", line 241, in _call_with_frames_removed
  File "/home/ubuntu/airflow/dags/customer_churn_dag.py", line 4, in <module>
    from airflow.providers.amazon.aws.hooks.base_aws import AwsGenericHook
ModuleNotFoundError: No module named 'airflow.providers.amazon'
[2023-11-01T01:38:16.484+0000] {processor.py:841} WARNING - No viable dags retrieved from /home/ubuntu/airflow/dags/customer_churn_dag.py
[2023-11-01T01:38:16.503+0000] {processor.py:179} INFO - Processing /home/ubuntu/airflow/dags/customer_churn_dag.py took 0.028 seconds
[2023-11-01T01:38:47.394+0000] {processor.py:157} INFO - Started process (PID=26774) to work on /home/ubuntu/airflow/dags/customer_churn_dag.py
[2023-11-01T01:38:47.395+0000] {processor.py:829} INFO - Processing file /home/ubuntu/airflow/dags/customer_churn_dag.py for tasks to queue
[2023-11-01T01:38:47.396+0000] {logging_mixin.py:151} INFO - [2023-11-01T01:38:47.395+0000] {dagbag.py:536} INFO - Filling up the DagBag from /home/ubuntu/airflow/dags/customer_churn_dag.py
[2023-11-01T01:38:47.400+0000] {logging_mixin.py:151} INFO - [2023-11-01T01:38:47.399+0000] {dagbag.py:346} ERROR - Failed to import: /home/ubuntu/airflow/dags/customer_churn_dag.py
Traceback (most recent call last):
  File "/usr/local/lib/python3.10/dist-packages/airflow/models/dagbag.py", line 342, in parse
    loader.exec_module(new_module)
  File "<frozen importlib._bootstrap_external>", line 883, in exec_module
  File "<frozen importlib._bootstrap>", line 241, in _call_with_frames_removed
  File "/home/ubuntu/airflow/dags/customer_churn_dag.py", line 4, in <module>
    from airflow.providers.amazon.aws.hooks.base_aws import AwsGenericHook
ModuleNotFoundError: No module named 'airflow.providers.amazon'
[2023-11-01T01:38:47.400+0000] {processor.py:841} WARNING - No viable dags retrieved from /home/ubuntu/airflow/dags/customer_churn_dag.py
[2023-11-01T01:38:47.419+0000] {processor.py:179} INFO - Processing /home/ubuntu/airflow/dags/customer_churn_dag.py took 0.028 seconds
[2023-11-01T01:39:17.569+0000] {processor.py:157} INFO - Started process (PID=26776) to work on /home/ubuntu/airflow/dags/customer_churn_dag.py
[2023-11-01T01:39:17.570+0000] {processor.py:829} INFO - Processing file /home/ubuntu/airflow/dags/customer_churn_dag.py for tasks to queue
[2023-11-01T01:39:17.571+0000] {logging_mixin.py:151} INFO - [2023-11-01T01:39:17.571+0000] {dagbag.py:536} INFO - Filling up the DagBag from /home/ubuntu/airflow/dags/customer_churn_dag.py
[2023-11-01T01:39:17.575+0000] {logging_mixin.py:151} INFO - [2023-11-01T01:39:17.574+0000] {dagbag.py:346} ERROR - Failed to import: /home/ubuntu/airflow/dags/customer_churn_dag.py
Traceback (most recent call last):
  File "/usr/local/lib/python3.10/dist-packages/airflow/models/dagbag.py", line 342, in parse
    loader.exec_module(new_module)
  File "<frozen importlib._bootstrap_external>", line 883, in exec_module
  File "<frozen importlib._bootstrap>", line 241, in _call_with_frames_removed
  File "/home/ubuntu/airflow/dags/customer_churn_dag.py", line 4, in <module>
    from airflow.providers.amazon.aws.hooks.base_aws import AwsGenericHook
ModuleNotFoundError: No module named 'airflow.providers.amazon'
[2023-11-01T01:39:17.575+0000] {processor.py:841} WARNING - No viable dags retrieved from /home/ubuntu/airflow/dags/customer_churn_dag.py
[2023-11-01T01:39:17.594+0000] {processor.py:179} INFO - Processing /home/ubuntu/airflow/dags/customer_churn_dag.py took 0.029 seconds
[2023-11-01T01:40:14.332+0000] {processor.py:157} INFO - Started process (PID=26801) to work on /home/ubuntu/airflow/dags/customer_churn_dag.py
[2023-11-01T01:40:14.334+0000] {processor.py:829} INFO - Processing file /home/ubuntu/airflow/dags/customer_churn_dag.py for tasks to queue
[2023-11-01T01:40:14.337+0000] {logging_mixin.py:151} INFO - [2023-11-01T01:40:14.337+0000] {dagbag.py:536} INFO - Filling up the DagBag from /home/ubuntu/airflow/dags/customer_churn_dag.py
[2023-11-01T01:40:14.351+0000] {processor.py:839} INFO - DAG(s) dict_keys(['my_dag']) retrieved from /home/ubuntu/airflow/dags/customer_churn_dag.py
[2023-11-01T01:40:14.380+0000] {logging_mixin.py:151} INFO - [2023-11-01T01:40:14.379+0000] {dag.py:2941} INFO - Sync 1 DAGs
[2023-11-01T01:40:14.445+0000] {logging_mixin.py:151} INFO - [2023-11-01T01:40:14.444+0000] {dag.py:3722} INFO - Setting next_dagrun for my_dag to 2023-10-22T00:00:00+00:00, run_after=2023-10-29T00:00:00+00:00
[2023-11-01T01:40:14.547+0000] {processor.py:179} INFO - Processing /home/ubuntu/airflow/dags/customer_churn_dag.py took 0.218 seconds
[2023-11-01T01:40:45.310+0000] {processor.py:157} INFO - Started process (PID=26803) to work on /home/ubuntu/airflow/dags/customer_churn_dag.py
[2023-11-01T01:40:45.312+0000] {processor.py:829} INFO - Processing file /home/ubuntu/airflow/dags/customer_churn_dag.py for tasks to queue
[2023-11-01T01:40:45.314+0000] {logging_mixin.py:151} INFO - [2023-11-01T01:40:45.313+0000] {dagbag.py:536} INFO - Filling up the DagBag from /home/ubuntu/airflow/dags/customer_churn_dag.py
[2023-11-01T01:40:45.328+0000] {processor.py:839} INFO - DAG(s) dict_keys(['my_dag']) retrieved from /home/ubuntu/airflow/dags/customer_churn_dag.py
[2023-11-01T01:40:45.352+0000] {logging_mixin.py:151} INFO - [2023-11-01T01:40:45.351+0000] {dag.py:2941} INFO - Sync 1 DAGs
[2023-11-01T01:40:45.373+0000] {logging_mixin.py:151} INFO - [2023-11-01T01:40:45.373+0000] {dag.py:3722} INFO - Setting next_dagrun for my_dag to 2023-10-22T00:00:00+00:00, run_after=2023-10-29T00:00:00+00:00
[2023-11-01T01:40:45.395+0000] {processor.py:179} INFO - Processing /home/ubuntu/airflow/dags/customer_churn_dag.py took 0.088 seconds
[2023-11-01T01:41:15.578+0000] {processor.py:157} INFO - Started process (PID=26805) to work on /home/ubuntu/airflow/dags/customer_churn_dag.py
[2023-11-01T01:41:15.579+0000] {processor.py:829} INFO - Processing file /home/ubuntu/airflow/dags/customer_churn_dag.py for tasks to queue
[2023-11-01T01:41:15.582+0000] {logging_mixin.py:151} INFO - [2023-11-01T01:41:15.582+0000] {dagbag.py:536} INFO - Filling up the DagBag from /home/ubuntu/airflow/dags/customer_churn_dag.py
[2023-11-01T01:41:15.594+0000] {processor.py:839} INFO - DAG(s) dict_keys(['my_dag']) retrieved from /home/ubuntu/airflow/dags/customer_churn_dag.py
[2023-11-01T01:41:15.617+0000] {logging_mixin.py:151} INFO - [2023-11-01T01:41:15.617+0000] {dag.py:2941} INFO - Sync 1 DAGs
[2023-11-01T01:41:15.640+0000] {logging_mixin.py:151} INFO - [2023-11-01T01:41:15.640+0000] {dag.py:3722} INFO - Setting next_dagrun for my_dag to 2023-10-22T00:00:00+00:00, run_after=2023-10-29T00:00:00+00:00
[2023-11-01T01:41:15.661+0000] {processor.py:179} INFO - Processing /home/ubuntu/airflow/dags/customer_churn_dag.py took 0.086 seconds
[2023-11-01T01:41:45.825+0000] {processor.py:157} INFO - Started process (PID=26806) to work on /home/ubuntu/airflow/dags/customer_churn_dag.py
[2023-11-01T01:41:45.827+0000] {processor.py:829} INFO - Processing file /home/ubuntu/airflow/dags/customer_churn_dag.py for tasks to queue
[2023-11-01T01:41:45.829+0000] {logging_mixin.py:151} INFO - [2023-11-01T01:41:45.829+0000] {dagbag.py:536} INFO - Filling up the DagBag from /home/ubuntu/airflow/dags/customer_churn_dag.py
[2023-11-01T01:41:45.841+0000] {processor.py:839} INFO - DAG(s) dict_keys(['my_dag']) retrieved from /home/ubuntu/airflow/dags/customer_churn_dag.py
[2023-11-01T01:41:45.864+0000] {logging_mixin.py:151} INFO - [2023-11-01T01:41:45.863+0000] {dag.py:2941} INFO - Sync 1 DAGs
[2023-11-01T01:41:45.885+0000] {logging_mixin.py:151} INFO - [2023-11-01T01:41:45.885+0000] {dag.py:3722} INFO - Setting next_dagrun for my_dag to 2023-10-22T00:00:00+00:00, run_after=2023-10-29T00:00:00+00:00
[2023-11-01T01:41:45.910+0000] {processor.py:179} INFO - Processing /home/ubuntu/airflow/dags/customer_churn_dag.py took 0.087 seconds
[2023-11-01T01:42:16.092+0000] {processor.py:157} INFO - Started process (PID=26808) to work on /home/ubuntu/airflow/dags/customer_churn_dag.py
[2023-11-01T01:42:16.093+0000] {processor.py:829} INFO - Processing file /home/ubuntu/airflow/dags/customer_churn_dag.py for tasks to queue
[2023-11-01T01:42:16.095+0000] {logging_mixin.py:151} INFO - [2023-11-01T01:42:16.095+0000] {dagbag.py:536} INFO - Filling up the DagBag from /home/ubuntu/airflow/dags/customer_churn_dag.py
[2023-11-01T01:42:16.107+0000] {processor.py:839} INFO - DAG(s) dict_keys(['my_dag']) retrieved from /home/ubuntu/airflow/dags/customer_churn_dag.py
[2023-11-01T01:42:16.131+0000] {logging_mixin.py:151} INFO - [2023-11-01T01:42:16.130+0000] {dag.py:2941} INFO - Sync 1 DAGs
[2023-11-01T01:42:16.154+0000] {logging_mixin.py:151} INFO - [2023-11-01T01:42:16.154+0000] {dag.py:3722} INFO - Setting next_dagrun for my_dag to 2023-10-22T00:00:00+00:00, run_after=2023-10-29T00:00:00+00:00
[2023-11-01T01:42:16.177+0000] {processor.py:179} INFO - Processing /home/ubuntu/airflow/dags/customer_churn_dag.py took 0.088 seconds
[2023-11-01T01:42:46.334+0000] {processor.py:157} INFO - Started process (PID=26809) to work on /home/ubuntu/airflow/dags/customer_churn_dag.py
[2023-11-01T01:42:46.335+0000] {processor.py:829} INFO - Processing file /home/ubuntu/airflow/dags/customer_churn_dag.py for tasks to queue
[2023-11-01T01:42:46.338+0000] {logging_mixin.py:151} INFO - [2023-11-01T01:42:46.337+0000] {dagbag.py:536} INFO - Filling up the DagBag from /home/ubuntu/airflow/dags/customer_churn_dag.py
[2023-11-01T01:42:46.349+0000] {processor.py:839} INFO - DAG(s) dict_keys(['my_dag']) retrieved from /home/ubuntu/airflow/dags/customer_churn_dag.py
[2023-11-01T01:42:46.372+0000] {logging_mixin.py:151} INFO - [2023-11-01T01:42:46.371+0000] {dag.py:2941} INFO - Sync 1 DAGs
[2023-11-01T01:42:46.394+0000] {logging_mixin.py:151} INFO - [2023-11-01T01:42:46.394+0000] {dag.py:3722} INFO - Setting next_dagrun for my_dag to 2023-10-22T00:00:00+00:00, run_after=2023-10-29T00:00:00+00:00
[2023-11-01T01:42:46.416+0000] {processor.py:179} INFO - Processing /home/ubuntu/airflow/dags/customer_churn_dag.py took 0.086 seconds
[2023-11-01T01:43:16.577+0000] {processor.py:157} INFO - Started process (PID=26810) to work on /home/ubuntu/airflow/dags/customer_churn_dag.py
[2023-11-01T01:43:16.578+0000] {processor.py:829} INFO - Processing file /home/ubuntu/airflow/dags/customer_churn_dag.py for tasks to queue
[2023-11-01T01:43:16.580+0000] {logging_mixin.py:151} INFO - [2023-11-01T01:43:16.580+0000] {dagbag.py:536} INFO - Filling up the DagBag from /home/ubuntu/airflow/dags/customer_churn_dag.py
[2023-11-01T01:43:16.592+0000] {processor.py:839} INFO - DAG(s) dict_keys(['my_dag']) retrieved from /home/ubuntu/airflow/dags/customer_churn_dag.py
[2023-11-01T01:43:16.615+0000] {logging_mixin.py:151} INFO - [2023-11-01T01:43:16.615+0000] {dag.py:2941} INFO - Sync 1 DAGs
[2023-11-01T01:43:16.642+0000] {logging_mixin.py:151} INFO - [2023-11-01T01:43:16.642+0000] {dag.py:3722} INFO - Setting next_dagrun for my_dag to 2023-10-22T00:00:00+00:00, run_after=2023-10-29T00:00:00+00:00
[2023-11-01T01:43:16.663+0000] {processor.py:179} INFO - Processing /home/ubuntu/airflow/dags/customer_churn_dag.py took 0.089 seconds
[2023-11-01T01:43:20.577+0000] {processor.py:157} INFO - Started process (PID=26811) to work on /home/ubuntu/airflow/dags/customer_churn_dag.py
[2023-11-01T01:43:20.578+0000] {processor.py:829} INFO - Processing file /home/ubuntu/airflow/dags/customer_churn_dag.py for tasks to queue
[2023-11-01T01:43:20.580+0000] {logging_mixin.py:151} INFO - [2023-11-01T01:43:20.579+0000] {dagbag.py:536} INFO - Filling up the DagBag from /home/ubuntu/airflow/dags/customer_churn_dag.py
[2023-11-01T01:43:20.592+0000] {processor.py:839} INFO - DAG(s) dict_keys(['my_dag']) retrieved from /home/ubuntu/airflow/dags/customer_churn_dag.py
[2023-11-01T01:43:20.615+0000] {logging_mixin.py:151} INFO - [2023-11-01T01:43:20.615+0000] {dag.py:2941} INFO - Sync 1 DAGs
[2023-11-01T01:43:20.638+0000] {logging_mixin.py:151} INFO - [2023-11-01T01:43:20.637+0000] {dag.py:3722} INFO - Setting next_dagrun for my_dag to 2023-10-22T00:00:00+00:00, run_after=2023-10-29T00:00:00+00:00
[2023-11-01T01:43:20.665+0000] {processor.py:179} INFO - Processing /home/ubuntu/airflow/dags/customer_churn_dag.py took 0.092 seconds
[2023-11-01T01:43:30.764+0000] {processor.py:157} INFO - Started process (PID=26812) to work on /home/ubuntu/airflow/dags/customer_churn_dag.py
[2023-11-01T01:43:30.765+0000] {processor.py:829} INFO - Processing file /home/ubuntu/airflow/dags/customer_churn_dag.py for tasks to queue
[2023-11-01T01:43:30.767+0000] {logging_mixin.py:151} INFO - [2023-11-01T01:43:30.767+0000] {dagbag.py:536} INFO - Filling up the DagBag from /home/ubuntu/airflow/dags/customer_churn_dag.py
[2023-11-01T01:43:30.770+0000] {logging_mixin.py:151} INFO - [2023-11-01T01:43:30.770+0000] {dagbag.py:346} ERROR - Failed to import: /home/ubuntu/airflow/dags/customer_churn_dag.py
Traceback (most recent call last):
  File "/usr/local/lib/python3.10/dist-packages/airflow/models/dagbag.py", line 342, in parse
    loader.exec_module(new_module)
  File "<frozen importlib._bootstrap_external>", line 879, in exec_module
  File "<frozen importlib._bootstrap_external>", line 1017, in get_code
  File "<frozen importlib._bootstrap_external>", line 947, in source_to_code
  File "<frozen importlib._bootstrap>", line 241, in _call_with_frames_removed
  File "/home/ubuntu/airflow/dags/customer_churn_dag.py", line 14
    boto3_session = session.get_session(region_name='
                                                    ^
SyntaxError: unterminated string literal (detected at line 14)
[2023-11-01T01:43:30.771+0000] {processor.py:841} WARNING - No viable dags retrieved from /home/ubuntu/airflow/dags/customer_churn_dag.py
[2023-11-01T01:43:30.812+0000] {processor.py:179} INFO - Processing /home/ubuntu/airflow/dags/customer_churn_dag.py took 0.052 seconds
[2023-11-01T01:43:35.720+0000] {processor.py:157} INFO - Started process (PID=26813) to work on /home/ubuntu/airflow/dags/customer_churn_dag.py
[2023-11-01T01:43:35.721+0000] {processor.py:829} INFO - Processing file /home/ubuntu/airflow/dags/customer_churn_dag.py for tasks to queue
[2023-11-01T01:43:35.723+0000] {logging_mixin.py:151} INFO - [2023-11-01T01:43:35.723+0000] {dagbag.py:536} INFO - Filling up the DagBag from /home/ubuntu/airflow/dags/customer_churn_dag.py
[2023-11-01T01:43:35.736+0000] {processor.py:839} INFO - DAG(s) dict_keys(['my_dag']) retrieved from /home/ubuntu/airflow/dags/customer_churn_dag.py
[2023-11-01T01:43:35.760+0000] {logging_mixin.py:151} INFO - [2023-11-01T01:43:35.760+0000] {dag.py:2941} INFO - Sync 1 DAGs
[2023-11-01T01:43:35.782+0000] {logging_mixin.py:151} INFO - [2023-11-01T01:43:35.782+0000] {dag.py:3722} INFO - Setting next_dagrun for my_dag to 2023-10-22T00:00:00+00:00, run_after=2023-10-29T00:00:00+00:00
[2023-11-01T01:43:35.809+0000] {processor.py:179} INFO - Processing /home/ubuntu/airflow/dags/customer_churn_dag.py took 0.092 seconds
[2023-11-01T01:43:42.003+0000] {processor.py:157} INFO - Started process (PID=26814) to work on /home/ubuntu/airflow/dags/customer_churn_dag.py
[2023-11-01T01:43:42.004+0000] {processor.py:829} INFO - Processing file /home/ubuntu/airflow/dags/customer_churn_dag.py for tasks to queue
[2023-11-01T01:43:42.006+0000] {logging_mixin.py:151} INFO - [2023-11-01T01:43:42.005+0000] {dagbag.py:536} INFO - Filling up the DagBag from /home/ubuntu/airflow/dags/customer_churn_dag.py
[2023-11-01T01:43:42.019+0000] {processor.py:839} INFO - DAG(s) dict_keys(['my_dag']) retrieved from /home/ubuntu/airflow/dags/customer_churn_dag.py
[2023-11-01T01:43:42.043+0000] {logging_mixin.py:151} INFO - [2023-11-01T01:43:42.042+0000] {dag.py:2941} INFO - Sync 1 DAGs
[2023-11-01T01:43:42.065+0000] {logging_mixin.py:151} INFO - [2023-11-01T01:43:42.064+0000] {dag.py:3722} INFO - Setting next_dagrun for my_dag to 2023-10-22T00:00:00+00:00, run_after=2023-10-29T00:00:00+00:00
[2023-11-01T01:43:42.088+0000] {processor.py:179} INFO - Processing /home/ubuntu/airflow/dags/customer_churn_dag.py took 0.088 seconds
[2023-11-01T01:44:12.235+0000] {processor.py:157} INFO - Started process (PID=26815) to work on /home/ubuntu/airflow/dags/customer_churn_dag.py
[2023-11-01T01:44:12.237+0000] {processor.py:829} INFO - Processing file /home/ubuntu/airflow/dags/customer_churn_dag.py for tasks to queue
[2023-11-01T01:44:12.239+0000] {logging_mixin.py:151} INFO - [2023-11-01T01:44:12.238+0000] {dagbag.py:536} INFO - Filling up the DagBag from /home/ubuntu/airflow/dags/customer_churn_dag.py
[2023-11-01T01:44:12.251+0000] {processor.py:839} INFO - DAG(s) dict_keys(['my_dag']) retrieved from /home/ubuntu/airflow/dags/customer_churn_dag.py
[2023-11-01T01:44:12.275+0000] {logging_mixin.py:151} INFO - [2023-11-01T01:44:12.274+0000] {dag.py:2941} INFO - Sync 1 DAGs
[2023-11-01T01:44:12.298+0000] {logging_mixin.py:151} INFO - [2023-11-01T01:44:12.298+0000] {dag.py:3722} INFO - Setting next_dagrun for my_dag to 2023-10-22T00:00:00+00:00, run_after=2023-10-29T00:00:00+00:00
[2023-11-01T01:44:12.330+0000] {processor.py:179} INFO - Processing /home/ubuntu/airflow/dags/customer_churn_dag.py took 0.098 seconds
[2023-11-01T01:44:23.346+0000] {processor.py:157} INFO - Started process (PID=26818) to work on /home/ubuntu/airflow/dags/customer_churn_dag.py
[2023-11-01T01:44:23.346+0000] {processor.py:829} INFO - Processing file /home/ubuntu/airflow/dags/customer_churn_dag.py for tasks to queue
[2023-11-01T01:44:23.349+0000] {logging_mixin.py:151} INFO - [2023-11-01T01:44:23.349+0000] {dagbag.py:536} INFO - Filling up the DagBag from /home/ubuntu/airflow/dags/customer_churn_dag.py
[2023-11-01T01:44:23.362+0000] {processor.py:839} INFO - DAG(s) dict_keys(['my_dag']) retrieved from /home/ubuntu/airflow/dags/customer_churn_dag.py
[2023-11-01T01:44:23.385+0000] {logging_mixin.py:151} INFO - [2023-11-01T01:44:23.384+0000] {dag.py:2941} INFO - Sync 1 DAGs
[2023-11-01T01:44:23.406+0000] {logging_mixin.py:151} INFO - [2023-11-01T01:44:23.406+0000] {dag.py:3722} INFO - Setting next_dagrun for my_dag to 2023-10-22T00:00:00+00:00, run_after=2023-10-29T00:00:00+00:00
[2023-11-01T01:44:23.428+0000] {processor.py:179} INFO - Processing /home/ubuntu/airflow/dags/customer_churn_dag.py took 0.086 seconds
[2023-11-01T01:44:38.464+0000] {processor.py:157} INFO - Started process (PID=26819) to work on /home/ubuntu/airflow/dags/customer_churn_dag.py
[2023-11-01T01:44:38.465+0000] {processor.py:829} INFO - Processing file /home/ubuntu/airflow/dags/customer_churn_dag.py for tasks to queue
[2023-11-01T01:44:38.467+0000] {logging_mixin.py:151} INFO - [2023-11-01T01:44:38.466+0000] {dagbag.py:536} INFO - Filling up the DagBag from /home/ubuntu/airflow/dags/customer_churn_dag.py
[2023-11-01T01:44:38.480+0000] {processor.py:839} INFO - DAG(s) dict_keys(['my_dag']) retrieved from /home/ubuntu/airflow/dags/customer_churn_dag.py
[2023-11-01T01:44:38.582+0000] {logging_mixin.py:151} INFO - [2023-11-01T01:44:38.582+0000] {dag.py:2941} INFO - Sync 1 DAGs
[2023-11-01T01:44:38.602+0000] {logging_mixin.py:151} INFO - [2023-11-01T01:44:38.602+0000] {dag.py:3722} INFO - Setting next_dagrun for my_dag to 2023-10-22T00:00:00+00:00, run_after=2023-10-29T00:00:00+00:00
[2023-11-01T01:44:38.624+0000] {processor.py:179} INFO - Processing /home/ubuntu/airflow/dags/customer_churn_dag.py took 0.163 seconds
[2023-11-01T01:44:45.949+0000] {processor.py:157} INFO - Started process (PID=26820) to work on /home/ubuntu/airflow/dags/customer_churn_dag.py
[2023-11-01T01:44:45.950+0000] {processor.py:829} INFO - Processing file /home/ubuntu/airflow/dags/customer_churn_dag.py for tasks to queue
[2023-11-01T01:44:45.953+0000] {logging_mixin.py:151} INFO - [2023-11-01T01:44:45.952+0000] {dagbag.py:536} INFO - Filling up the DagBag from /home/ubuntu/airflow/dags/customer_churn_dag.py
[2023-11-01T01:44:45.965+0000] {processor.py:839} INFO - DAG(s) dict_keys(['my_dag']) retrieved from /home/ubuntu/airflow/dags/customer_churn_dag.py
[2023-11-01T01:44:45.974+0000] {logging_mixin.py:151} INFO - [2023-11-01T01:44:45.973+0000] {dag.py:2941} INFO - Sync 1 DAGs
[2023-11-01T01:44:45.997+0000] {logging_mixin.py:151} INFO - [2023-11-01T01:44:45.997+0000] {dag.py:3722} INFO - Setting next_dagrun for my_dag to 2023-10-22T00:00:00+00:00, run_after=2023-10-29T00:00:00+00:00
[2023-11-01T01:44:46.019+0000] {processor.py:179} INFO - Processing /home/ubuntu/airflow/dags/customer_churn_dag.py took 0.073 seconds
[2023-11-01T01:45:16.718+0000] {processor.py:157} INFO - Started process (PID=26822) to work on /home/ubuntu/airflow/dags/customer_churn_dag.py
[2023-11-01T01:45:16.719+0000] {processor.py:829} INFO - Processing file /home/ubuntu/airflow/dags/customer_churn_dag.py for tasks to queue
[2023-11-01T01:45:16.721+0000] {logging_mixin.py:151} INFO - [2023-11-01T01:45:16.721+0000] {dagbag.py:536} INFO - Filling up the DagBag from /home/ubuntu/airflow/dags/customer_churn_dag.py
[2023-11-01T01:45:16.733+0000] {processor.py:839} INFO - DAG(s) dict_keys(['my_dag']) retrieved from /home/ubuntu/airflow/dags/customer_churn_dag.py
[2023-11-01T01:45:16.836+0000] {logging_mixin.py:151} INFO - [2023-11-01T01:45:16.835+0000] {dag.py:2941} INFO - Sync 1 DAGs
[2023-11-01T01:45:16.855+0000] {logging_mixin.py:151} INFO - [2023-11-01T01:45:16.855+0000] {dag.py:3722} INFO - Setting next_dagrun for my_dag to 2023-10-22T00:00:00+00:00, run_after=2023-10-29T00:00:00+00:00
[2023-11-01T01:45:16.879+0000] {processor.py:179} INFO - Processing /home/ubuntu/airflow/dags/customer_churn_dag.py took 0.165 seconds
[2023-11-01T01:45:36.115+0000] {processor.py:157} INFO - Started process (PID=26823) to work on /home/ubuntu/airflow/dags/customer_churn_dag.py
[2023-11-01T01:45:36.116+0000] {processor.py:829} INFO - Processing file /home/ubuntu/airflow/dags/customer_churn_dag.py for tasks to queue
[2023-11-01T01:45:36.118+0000] {logging_mixin.py:151} INFO - [2023-11-01T01:45:36.118+0000] {dagbag.py:536} INFO - Filling up the DagBag from /home/ubuntu/airflow/dags/customer_churn_dag.py
[2023-11-01T01:45:36.131+0000] {processor.py:839} INFO - DAG(s) dict_keys(['my_dag']) retrieved from /home/ubuntu/airflow/dags/customer_churn_dag.py
[2023-11-01T01:45:36.140+0000] {logging_mixin.py:151} INFO - [2023-11-01T01:45:36.139+0000] {dag.py:2941} INFO - Sync 1 DAGs
[2023-11-01T01:45:36.163+0000] {logging_mixin.py:151} INFO - [2023-11-01T01:45:36.163+0000] {dag.py:3722} INFO - Setting next_dagrun for my_dag to 2023-10-22T00:00:00+00:00, run_after=2023-10-29T00:00:00+00:00
[2023-11-01T01:45:36.188+0000] {processor.py:179} INFO - Processing /home/ubuntu/airflow/dags/customer_churn_dag.py took 0.076 seconds
[2023-11-01T01:46:07.245+0000] {processor.py:157} INFO - Started process (PID=26824) to work on /home/ubuntu/airflow/dags/customer_churn_dag.py
[2023-11-01T01:46:07.247+0000] {processor.py:829} INFO - Processing file /home/ubuntu/airflow/dags/customer_churn_dag.py for tasks to queue
[2023-11-01T01:46:07.249+0000] {logging_mixin.py:151} INFO - [2023-11-01T01:46:07.249+0000] {dagbag.py:536} INFO - Filling up the DagBag from /home/ubuntu/airflow/dags/customer_churn_dag.py
[2023-11-01T01:46:07.261+0000] {processor.py:839} INFO - DAG(s) dict_keys(['my_dag']) retrieved from /home/ubuntu/airflow/dags/customer_churn_dag.py
[2023-11-01T01:46:07.284+0000] {logging_mixin.py:151} INFO - [2023-11-01T01:46:07.284+0000] {dag.py:2941} INFO - Sync 1 DAGs
[2023-11-01T01:46:07.307+0000] {logging_mixin.py:151} INFO - [2023-11-01T01:46:07.306+0000] {dag.py:3722} INFO - Setting next_dagrun for my_dag to 2023-10-22T00:00:00+00:00, run_after=2023-10-29T00:00:00+00:00
[2023-11-01T01:46:07.328+0000] {processor.py:179} INFO - Processing /home/ubuntu/airflow/dags/customer_churn_dag.py took 0.086 seconds
[2023-11-01T01:46:37.590+0000] {processor.py:157} INFO - Started process (PID=26825) to work on /home/ubuntu/airflow/dags/customer_churn_dag.py
[2023-11-01T01:46:37.591+0000] {processor.py:829} INFO - Processing file /home/ubuntu/airflow/dags/customer_churn_dag.py for tasks to queue
[2023-11-01T01:46:37.593+0000] {logging_mixin.py:151} INFO - [2023-11-01T01:46:37.593+0000] {dagbag.py:536} INFO - Filling up the DagBag from /home/ubuntu/airflow/dags/customer_churn_dag.py
[2023-11-01T01:46:37.605+0000] {processor.py:839} INFO - DAG(s) dict_keys(['my_dag']) retrieved from /home/ubuntu/airflow/dags/customer_churn_dag.py
[2023-11-01T01:46:37.627+0000] {logging_mixin.py:151} INFO - [2023-11-01T01:46:37.627+0000] {dag.py:2941} INFO - Sync 1 DAGs
[2023-11-01T01:46:37.649+0000] {logging_mixin.py:151} INFO - [2023-11-01T01:46:37.649+0000] {dag.py:3722} INFO - Setting next_dagrun for my_dag to 2023-10-22T00:00:00+00:00, run_after=2023-10-29T00:00:00+00:00
[2023-11-01T01:46:37.669+0000] {processor.py:179} INFO - Processing /home/ubuntu/airflow/dags/customer_churn_dag.py took 0.083 seconds
[2023-11-01T01:47:07.938+0000] {processor.py:157} INFO - Started process (PID=26826) to work on /home/ubuntu/airflow/dags/customer_churn_dag.py
[2023-11-01T01:47:07.939+0000] {processor.py:829} INFO - Processing file /home/ubuntu/airflow/dags/customer_churn_dag.py for tasks to queue
[2023-11-01T01:47:07.941+0000] {logging_mixin.py:151} INFO - [2023-11-01T01:47:07.941+0000] {dagbag.py:536} INFO - Filling up the DagBag from /home/ubuntu/airflow/dags/customer_churn_dag.py
[2023-11-01T01:47:07.954+0000] {processor.py:839} INFO - DAG(s) dict_keys(['my_dag']) retrieved from /home/ubuntu/airflow/dags/customer_churn_dag.py
[2023-11-01T01:47:07.978+0000] {logging_mixin.py:151} INFO - [2023-11-01T01:47:07.978+0000] {dag.py:2941} INFO - Sync 1 DAGs
[2023-11-01T01:47:08.001+0000] {logging_mixin.py:151} INFO - [2023-11-01T01:47:08.001+0000] {dag.py:3722} INFO - Setting next_dagrun for my_dag to 2023-10-22T00:00:00+00:00, run_after=2023-10-29T00:00:00+00:00
[2023-11-01T01:47:08.024+0000] {processor.py:179} INFO - Processing /home/ubuntu/airflow/dags/customer_churn_dag.py took 0.090 seconds
[2023-11-01T01:47:38.287+0000] {processor.py:157} INFO - Started process (PID=26827) to work on /home/ubuntu/airflow/dags/customer_churn_dag.py
[2023-11-01T01:47:38.288+0000] {processor.py:829} INFO - Processing file /home/ubuntu/airflow/dags/customer_churn_dag.py for tasks to queue
[2023-11-01T01:47:38.291+0000] {logging_mixin.py:151} INFO - [2023-11-01T01:47:38.291+0000] {dagbag.py:536} INFO - Filling up the DagBag from /home/ubuntu/airflow/dags/customer_churn_dag.py
[2023-11-01T01:47:38.302+0000] {processor.py:839} INFO - DAG(s) dict_keys(['my_dag']) retrieved from /home/ubuntu/airflow/dags/customer_churn_dag.py
[2023-11-01T01:47:38.326+0000] {logging_mixin.py:151} INFO - [2023-11-01T01:47:38.325+0000] {dag.py:2941} INFO - Sync 1 DAGs
[2023-11-01T01:47:38.347+0000] {logging_mixin.py:151} INFO - [2023-11-01T01:47:38.347+0000] {dag.py:3722} INFO - Setting next_dagrun for my_dag to 2023-10-22T00:00:00+00:00, run_after=2023-10-29T00:00:00+00:00
[2023-11-01T01:47:38.368+0000] {processor.py:179} INFO - Processing /home/ubuntu/airflow/dags/customer_churn_dag.py took 0.084 seconds
[2023-11-01T01:48:08.640+0000] {processor.py:157} INFO - Started process (PID=26832) to work on /home/ubuntu/airflow/dags/customer_churn_dag.py
[2023-11-01T01:48:08.641+0000] {processor.py:829} INFO - Processing file /home/ubuntu/airflow/dags/customer_churn_dag.py for tasks to queue
[2023-11-01T01:48:08.643+0000] {logging_mixin.py:151} INFO - [2023-11-01T01:48:08.643+0000] {dagbag.py:536} INFO - Filling up the DagBag from /home/ubuntu/airflow/dags/customer_churn_dag.py
[2023-11-01T01:48:08.655+0000] {processor.py:839} INFO - DAG(s) dict_keys(['my_dag']) retrieved from /home/ubuntu/airflow/dags/customer_churn_dag.py
[2023-11-01T01:48:08.678+0000] {logging_mixin.py:151} INFO - [2023-11-01T01:48:08.678+0000] {dag.py:2941} INFO - Sync 1 DAGs
[2023-11-01T01:48:08.701+0000] {logging_mixin.py:151} INFO - [2023-11-01T01:48:08.700+0000] {dag.py:3722} INFO - Setting next_dagrun for my_dag to 2023-10-22T00:00:00+00:00, run_after=2023-10-29T00:00:00+00:00
[2023-11-01T01:48:08.723+0000] {processor.py:179} INFO - Processing /home/ubuntu/airflow/dags/customer_churn_dag.py took 0.086 seconds
[2023-11-01T01:48:38.773+0000] {processor.py:157} INFO - Started process (PID=26833) to work on /home/ubuntu/airflow/dags/customer_churn_dag.py
[2023-11-01T01:48:38.774+0000] {processor.py:829} INFO - Processing file /home/ubuntu/airflow/dags/customer_churn_dag.py for tasks to queue
[2023-11-01T01:48:38.776+0000] {logging_mixin.py:151} INFO - [2023-11-01T01:48:38.776+0000] {dagbag.py:536} INFO - Filling up the DagBag from /home/ubuntu/airflow/dags/customer_churn_dag.py
[2023-11-01T01:48:38.788+0000] {processor.py:839} INFO - DAG(s) dict_keys(['my_dag']) retrieved from /home/ubuntu/airflow/dags/customer_churn_dag.py
[2023-11-01T01:48:38.811+0000] {logging_mixin.py:151} INFO - [2023-11-01T01:48:38.810+0000] {dag.py:2941} INFO - Sync 1 DAGs
[2023-11-01T01:48:38.832+0000] {logging_mixin.py:151} INFO - [2023-11-01T01:48:38.832+0000] {dag.py:3722} INFO - Setting next_dagrun for my_dag to 2023-10-22T00:00:00+00:00, run_after=2023-10-29T00:00:00+00:00
[2023-11-01T01:48:38.853+0000] {processor.py:179} INFO - Processing /home/ubuntu/airflow/dags/customer_churn_dag.py took 0.083 seconds
[2023-11-01T01:49:09.234+0000] {processor.py:157} INFO - Started process (PID=26834) to work on /home/ubuntu/airflow/dags/customer_churn_dag.py
[2023-11-01T01:49:09.235+0000] {processor.py:829} INFO - Processing file /home/ubuntu/airflow/dags/customer_churn_dag.py for tasks to queue
[2023-11-01T01:49:09.237+0000] {logging_mixin.py:151} INFO - [2023-11-01T01:49:09.237+0000] {dagbag.py:536} INFO - Filling up the DagBag from /home/ubuntu/airflow/dags/customer_churn_dag.py
[2023-11-01T01:49:09.249+0000] {processor.py:839} INFO - DAG(s) dict_keys(['my_dag']) retrieved from /home/ubuntu/airflow/dags/customer_churn_dag.py
[2023-11-01T01:49:09.277+0000] {logging_mixin.py:151} INFO - [2023-11-01T01:49:09.276+0000] {dag.py:2941} INFO - Sync 1 DAGs
[2023-11-01T01:49:09.299+0000] {logging_mixin.py:151} INFO - [2023-11-01T01:49:09.299+0000] {dag.py:3722} INFO - Setting next_dagrun for my_dag to 2023-10-22T00:00:00+00:00, run_after=2023-10-29T00:00:00+00:00
[2023-11-01T01:49:09.338+0000] {processor.py:179} INFO - Processing /home/ubuntu/airflow/dags/customer_churn_dag.py took 0.108 seconds
[2023-11-01T01:49:39.694+0000] {processor.py:157} INFO - Started process (PID=26836) to work on /home/ubuntu/airflow/dags/customer_churn_dag.py
[2023-11-01T01:49:39.695+0000] {processor.py:829} INFO - Processing file /home/ubuntu/airflow/dags/customer_churn_dag.py for tasks to queue
[2023-11-01T01:49:39.698+0000] {logging_mixin.py:151} INFO - [2023-11-01T01:49:39.698+0000] {dagbag.py:536} INFO - Filling up the DagBag from /home/ubuntu/airflow/dags/customer_churn_dag.py
[2023-11-01T01:49:39.710+0000] {processor.py:839} INFO - DAG(s) dict_keys(['my_dag']) retrieved from /home/ubuntu/airflow/dags/customer_churn_dag.py
[2023-11-01T01:49:39.734+0000] {logging_mixin.py:151} INFO - [2023-11-01T01:49:39.733+0000] {dag.py:2941} INFO - Sync 1 DAGs
[2023-11-01T01:49:39.758+0000] {logging_mixin.py:151} INFO - [2023-11-01T01:49:39.758+0000] {dag.py:3722} INFO - Setting next_dagrun for my_dag to 2023-10-22T00:00:00+00:00, run_after=2023-10-29T00:00:00+00:00
[2023-11-01T01:49:39.780+0000] {processor.py:179} INFO - Processing /home/ubuntu/airflow/dags/customer_churn_dag.py took 0.089 seconds
[2023-11-01T01:50:10.047+0000] {processor.py:157} INFO - Started process (PID=26837) to work on /home/ubuntu/airflow/dags/customer_churn_dag.py
[2023-11-01T01:50:10.048+0000] {processor.py:829} INFO - Processing file /home/ubuntu/airflow/dags/customer_churn_dag.py for tasks to queue
[2023-11-01T01:50:10.050+0000] {logging_mixin.py:151} INFO - [2023-11-01T01:50:10.050+0000] {dagbag.py:536} INFO - Filling up the DagBag from /home/ubuntu/airflow/dags/customer_churn_dag.py
[2023-11-01T01:50:10.062+0000] {processor.py:839} INFO - DAG(s) dict_keys(['my_dag']) retrieved from /home/ubuntu/airflow/dags/customer_churn_dag.py
[2023-11-01T01:50:10.086+0000] {logging_mixin.py:151} INFO - [2023-11-01T01:50:10.085+0000] {dag.py:2941} INFO - Sync 1 DAGs
[2023-11-01T01:50:10.109+0000] {logging_mixin.py:151} INFO - [2023-11-01T01:50:10.109+0000] {dag.py:3722} INFO - Setting next_dagrun for my_dag to 2023-10-22T00:00:00+00:00, run_after=2023-10-29T00:00:00+00:00
[2023-11-01T01:50:10.131+0000] {processor.py:179} INFO - Processing /home/ubuntu/airflow/dags/customer_churn_dag.py took 0.087 seconds
[2023-11-01T01:50:40.205+0000] {processor.py:157} INFO - Started process (PID=26838) to work on /home/ubuntu/airflow/dags/customer_churn_dag.py
[2023-11-01T01:50:40.206+0000] {processor.py:829} INFO - Processing file /home/ubuntu/airflow/dags/customer_churn_dag.py for tasks to queue
[2023-11-01T01:50:40.208+0000] {logging_mixin.py:151} INFO - [2023-11-01T01:50:40.208+0000] {dagbag.py:536} INFO - Filling up the DagBag from /home/ubuntu/airflow/dags/customer_churn_dag.py
[2023-11-01T01:50:40.220+0000] {processor.py:839} INFO - DAG(s) dict_keys(['my_dag']) retrieved from /home/ubuntu/airflow/dags/customer_churn_dag.py
[2023-11-01T01:50:40.243+0000] {logging_mixin.py:151} INFO - [2023-11-01T01:50:40.242+0000] {dag.py:2941} INFO - Sync 1 DAGs
[2023-11-01T01:50:40.264+0000] {logging_mixin.py:151} INFO - [2023-11-01T01:50:40.264+0000] {dag.py:3722} INFO - Setting next_dagrun for my_dag to 2023-10-22T00:00:00+00:00, run_after=2023-10-29T00:00:00+00:00
[2023-11-01T01:50:40.285+0000] {processor.py:179} INFO - Processing /home/ubuntu/airflow/dags/customer_churn_dag.py took 0.084 seconds
[2023-11-01T01:51:10.623+0000] {processor.py:157} INFO - Started process (PID=26840) to work on /home/ubuntu/airflow/dags/customer_churn_dag.py
[2023-11-01T01:51:10.624+0000] {processor.py:829} INFO - Processing file /home/ubuntu/airflow/dags/customer_churn_dag.py for tasks to queue
[2023-11-01T01:51:10.627+0000] {logging_mixin.py:151} INFO - [2023-11-01T01:51:10.626+0000] {dagbag.py:536} INFO - Filling up the DagBag from /home/ubuntu/airflow/dags/customer_churn_dag.py
[2023-11-01T01:51:10.638+0000] {processor.py:839} INFO - DAG(s) dict_keys(['my_dag']) retrieved from /home/ubuntu/airflow/dags/customer_churn_dag.py
[2023-11-01T01:51:10.661+0000] {logging_mixin.py:151} INFO - [2023-11-01T01:51:10.661+0000] {dag.py:2941} INFO - Sync 1 DAGs
[2023-11-01T01:51:10.683+0000] {logging_mixin.py:151} INFO - [2023-11-01T01:51:10.683+0000] {dag.py:3722} INFO - Setting next_dagrun for my_dag to 2023-10-22T00:00:00+00:00, run_after=2023-10-29T00:00:00+00:00
[2023-11-01T01:51:10.705+0000] {processor.py:179} INFO - Processing /home/ubuntu/airflow/dags/customer_churn_dag.py took 0.085 seconds
[2023-11-01T01:51:40.973+0000] {processor.py:157} INFO - Started process (PID=26841) to work on /home/ubuntu/airflow/dags/customer_churn_dag.py
[2023-11-01T01:51:40.974+0000] {processor.py:829} INFO - Processing file /home/ubuntu/airflow/dags/customer_churn_dag.py for tasks to queue
[2023-11-01T01:51:40.977+0000] {logging_mixin.py:151} INFO - [2023-11-01T01:51:40.976+0000] {dagbag.py:536} INFO - Filling up the DagBag from /home/ubuntu/airflow/dags/customer_churn_dag.py
[2023-11-01T01:51:40.988+0000] {processor.py:839} INFO - DAG(s) dict_keys(['my_dag']) retrieved from /home/ubuntu/airflow/dags/customer_churn_dag.py
[2023-11-01T01:51:41.011+0000] {logging_mixin.py:151} INFO - [2023-11-01T01:51:41.011+0000] {dag.py:2941} INFO - Sync 1 DAGs
[2023-11-01T01:51:41.033+0000] {logging_mixin.py:151} INFO - [2023-11-01T01:51:41.032+0000] {dag.py:3722} INFO - Setting next_dagrun for my_dag to 2023-10-22T00:00:00+00:00, run_after=2023-10-29T00:00:00+00:00
[2023-11-01T01:51:41.054+0000] {processor.py:179} INFO - Processing /home/ubuntu/airflow/dags/customer_churn_dag.py took 0.084 seconds
[2023-11-01T01:52:11.322+0000] {processor.py:157} INFO - Started process (PID=26842) to work on /home/ubuntu/airflow/dags/customer_churn_dag.py
[2023-11-01T01:52:11.323+0000] {processor.py:829} INFO - Processing file /home/ubuntu/airflow/dags/customer_churn_dag.py for tasks to queue
[2023-11-01T01:52:11.325+0000] {logging_mixin.py:151} INFO - [2023-11-01T01:52:11.325+0000] {dagbag.py:536} INFO - Filling up the DagBag from /home/ubuntu/airflow/dags/customer_churn_dag.py
[2023-11-01T01:52:11.337+0000] {processor.py:839} INFO - DAG(s) dict_keys(['my_dag']) retrieved from /home/ubuntu/airflow/dags/customer_churn_dag.py
[2023-11-01T01:52:11.361+0000] {logging_mixin.py:151} INFO - [2023-11-01T01:52:11.360+0000] {dag.py:2941} INFO - Sync 1 DAGs
[2023-11-01T01:52:11.383+0000] {logging_mixin.py:151} INFO - [2023-11-01T01:52:11.383+0000] {dag.py:3722} INFO - Setting next_dagrun for my_dag to 2023-10-22T00:00:00+00:00, run_after=2023-10-29T00:00:00+00:00
[2023-11-01T01:52:11.404+0000] {processor.py:179} INFO - Processing /home/ubuntu/airflow/dags/customer_churn_dag.py took 0.085 seconds
[2023-11-01T01:52:41.666+0000] {processor.py:157} INFO - Started process (PID=26845) to work on /home/ubuntu/airflow/dags/customer_churn_dag.py
[2023-11-01T01:52:41.668+0000] {processor.py:829} INFO - Processing file /home/ubuntu/airflow/dags/customer_churn_dag.py for tasks to queue
[2023-11-01T01:52:41.670+0000] {logging_mixin.py:151} INFO - [2023-11-01T01:52:41.670+0000] {dagbag.py:536} INFO - Filling up the DagBag from /home/ubuntu/airflow/dags/customer_churn_dag.py
[2023-11-01T01:52:41.682+0000] {processor.py:839} INFO - DAG(s) dict_keys(['my_dag']) retrieved from /home/ubuntu/airflow/dags/customer_churn_dag.py
[2023-11-01T01:52:41.704+0000] {logging_mixin.py:151} INFO - [2023-11-01T01:52:41.704+0000] {dag.py:2941} INFO - Sync 1 DAGs
[2023-11-01T01:52:41.726+0000] {logging_mixin.py:151} INFO - [2023-11-01T01:52:41.725+0000] {dag.py:3722} INFO - Setting next_dagrun for my_dag to 2023-10-22T00:00:00+00:00, run_after=2023-10-29T00:00:00+00:00
[2023-11-01T01:52:41.747+0000] {processor.py:179} INFO - Processing /home/ubuntu/airflow/dags/customer_churn_dag.py took 0.084 seconds
[2023-11-01T01:53:12.012+0000] {processor.py:157} INFO - Started process (PID=26846) to work on /home/ubuntu/airflow/dags/customer_churn_dag.py
[2023-11-01T01:53:12.013+0000] {processor.py:829} INFO - Processing file /home/ubuntu/airflow/dags/customer_churn_dag.py for tasks to queue
[2023-11-01T01:53:12.015+0000] {logging_mixin.py:151} INFO - [2023-11-01T01:53:12.015+0000] {dagbag.py:536} INFO - Filling up the DagBag from /home/ubuntu/airflow/dags/customer_churn_dag.py
[2023-11-01T01:53:12.026+0000] {processor.py:839} INFO - DAG(s) dict_keys(['my_dag']) retrieved from /home/ubuntu/airflow/dags/customer_churn_dag.py
[2023-11-01T01:53:12.050+0000] {logging_mixin.py:151} INFO - [2023-11-01T01:53:12.049+0000] {dag.py:2941} INFO - Sync 1 DAGs
[2023-11-01T01:53:12.072+0000] {logging_mixin.py:151} INFO - [2023-11-01T01:53:12.072+0000] {dag.py:3722} INFO - Setting next_dagrun for my_dag to 2023-10-22T00:00:00+00:00, run_after=2023-10-29T00:00:00+00:00
[2023-11-01T01:53:12.093+0000] {processor.py:179} INFO - Processing /home/ubuntu/airflow/dags/customer_churn_dag.py took 0.085 seconds
[2023-11-01T01:53:42.354+0000] {processor.py:157} INFO - Started process (PID=26847) to work on /home/ubuntu/airflow/dags/customer_churn_dag.py
[2023-11-01T01:53:42.355+0000] {processor.py:829} INFO - Processing file /home/ubuntu/airflow/dags/customer_churn_dag.py for tasks to queue
[2023-11-01T01:53:42.358+0000] {logging_mixin.py:151} INFO - [2023-11-01T01:53:42.358+0000] {dagbag.py:536} INFO - Filling up the DagBag from /home/ubuntu/airflow/dags/customer_churn_dag.py
[2023-11-01T01:53:42.369+0000] {processor.py:839} INFO - DAG(s) dict_keys(['my_dag']) retrieved from /home/ubuntu/airflow/dags/customer_churn_dag.py
[2023-11-01T01:53:42.392+0000] {logging_mixin.py:151} INFO - [2023-11-01T01:53:42.392+0000] {dag.py:2941} INFO - Sync 1 DAGs
[2023-11-01T01:53:42.415+0000] {logging_mixin.py:151} INFO - [2023-11-01T01:53:42.414+0000] {dag.py:3722} INFO - Setting next_dagrun for my_dag to 2023-10-22T00:00:00+00:00, run_after=2023-10-29T00:00:00+00:00
[2023-11-01T01:53:42.435+0000] {processor.py:179} INFO - Processing /home/ubuntu/airflow/dags/customer_churn_dag.py took 0.085 seconds
[2023-11-01T01:54:12.701+0000] {processor.py:157} INFO - Started process (PID=26849) to work on /home/ubuntu/airflow/dags/customer_churn_dag.py
[2023-11-01T01:54:12.702+0000] {processor.py:829} INFO - Processing file /home/ubuntu/airflow/dags/customer_churn_dag.py for tasks to queue
[2023-11-01T01:54:12.705+0000] {logging_mixin.py:151} INFO - [2023-11-01T01:54:12.704+0000] {dagbag.py:536} INFO - Filling up the DagBag from /home/ubuntu/airflow/dags/customer_churn_dag.py
[2023-11-01T01:54:12.717+0000] {processor.py:839} INFO - DAG(s) dict_keys(['my_dag']) retrieved from /home/ubuntu/airflow/dags/customer_churn_dag.py
[2023-11-01T01:54:12.741+0000] {logging_mixin.py:151} INFO - [2023-11-01T01:54:12.741+0000] {dag.py:2941} INFO - Sync 1 DAGs
[2023-11-01T01:54:12.765+0000] {logging_mixin.py:151} INFO - [2023-11-01T01:54:12.765+0000] {dag.py:3722} INFO - Setting next_dagrun for my_dag to 2023-10-22T00:00:00+00:00, run_after=2023-10-29T00:00:00+00:00
[2023-11-01T01:54:12.787+0000] {processor.py:179} INFO - Processing /home/ubuntu/airflow/dags/customer_churn_dag.py took 0.090 seconds
[2023-11-01T01:54:43.020+0000] {processor.py:157} INFO - Started process (PID=26850) to work on /home/ubuntu/airflow/dags/customer_churn_dag.py
[2023-11-01T01:54:43.022+0000] {processor.py:829} INFO - Processing file /home/ubuntu/airflow/dags/customer_churn_dag.py for tasks to queue
[2023-11-01T01:54:43.024+0000] {logging_mixin.py:151} INFO - [2023-11-01T01:54:43.023+0000] {dagbag.py:536} INFO - Filling up the DagBag from /home/ubuntu/airflow/dags/customer_churn_dag.py
[2023-11-01T01:54:43.036+0000] {processor.py:839} INFO - DAG(s) dict_keys(['my_dag']) retrieved from /home/ubuntu/airflow/dags/customer_churn_dag.py
[2023-11-01T01:54:43.059+0000] {logging_mixin.py:151} INFO - [2023-11-01T01:54:43.058+0000] {dag.py:2941} INFO - Sync 1 DAGs
[2023-11-01T01:54:43.080+0000] {logging_mixin.py:151} INFO - [2023-11-01T01:54:43.080+0000] {dag.py:3722} INFO - Setting next_dagrun for my_dag to 2023-10-22T00:00:00+00:00, run_after=2023-10-29T00:00:00+00:00
[2023-11-01T01:54:43.103+0000] {processor.py:179} INFO - Processing /home/ubuntu/airflow/dags/customer_churn_dag.py took 0.086 seconds
[2023-11-01T01:55:13.440+0000] {processor.py:157} INFO - Started process (PID=26857) to work on /home/ubuntu/airflow/dags/customer_churn_dag.py
[2023-11-01T01:55:13.441+0000] {processor.py:829} INFO - Processing file /home/ubuntu/airflow/dags/customer_churn_dag.py for tasks to queue
[2023-11-01T01:55:13.444+0000] {logging_mixin.py:151} INFO - [2023-11-01T01:55:13.443+0000] {dagbag.py:536} INFO - Filling up the DagBag from /home/ubuntu/airflow/dags/customer_churn_dag.py
[2023-11-01T01:55:13.456+0000] {processor.py:839} INFO - DAG(s) dict_keys(['my_dag']) retrieved from /home/ubuntu/airflow/dags/customer_churn_dag.py
[2023-11-01T01:55:13.480+0000] {logging_mixin.py:151} INFO - [2023-11-01T01:55:13.479+0000] {dag.py:2941} INFO - Sync 1 DAGs
[2023-11-01T01:55:13.503+0000] {logging_mixin.py:151} INFO - [2023-11-01T01:55:13.503+0000] {dag.py:3722} INFO - Setting next_dagrun for my_dag to 2023-10-29T00:00:00+00:00, run_after=2023-11-05T00:00:00+00:00
[2023-11-01T01:55:13.528+0000] {processor.py:179} INFO - Processing /home/ubuntu/airflow/dags/customer_churn_dag.py took 0.092 seconds
[2023-11-01T01:55:45.327+0000] {processor.py:157} INFO - Started process (PID=26866) to work on /home/ubuntu/airflow/dags/customer_churn_dag.py
[2023-11-01T01:55:45.328+0000] {processor.py:829} INFO - Processing file /home/ubuntu/airflow/dags/customer_churn_dag.py for tasks to queue
[2023-11-01T01:55:45.330+0000] {logging_mixin.py:151} INFO - [2023-11-01T01:55:45.330+0000] {dagbag.py:536} INFO - Filling up the DagBag from /home/ubuntu/airflow/dags/customer_churn_dag.py
[2023-11-01T01:55:45.341+0000] {processor.py:839} INFO - DAG(s) dict_keys(['my_dag']) retrieved from /home/ubuntu/airflow/dags/customer_churn_dag.py
[2023-11-01T01:55:45.364+0000] {logging_mixin.py:151} INFO - [2023-11-01T01:55:45.364+0000] {dag.py:2941} INFO - Sync 1 DAGs
[2023-11-01T01:55:45.386+0000] {logging_mixin.py:151} INFO - [2023-11-01T01:55:45.386+0000] {dag.py:3722} INFO - Setting next_dagrun for my_dag to 2023-10-29T00:00:00+00:00, run_after=2023-11-05T00:00:00+00:00
[2023-11-01T01:55:45.406+0000] {processor.py:179} INFO - Processing /home/ubuntu/airflow/dags/customer_churn_dag.py took 0.083 seconds
[2023-11-01T01:56:16.354+0000] {processor.py:157} INFO - Started process (PID=26871) to work on /home/ubuntu/airflow/dags/customer_churn_dag.py
[2023-11-01T01:56:16.355+0000] {processor.py:829} INFO - Processing file /home/ubuntu/airflow/dags/customer_churn_dag.py for tasks to queue
[2023-11-01T01:56:16.358+0000] {logging_mixin.py:151} INFO - [2023-11-01T01:56:16.357+0000] {dagbag.py:536} INFO - Filling up the DagBag from /home/ubuntu/airflow/dags/customer_churn_dag.py
[2023-11-01T01:56:16.370+0000] {processor.py:839} INFO - DAG(s) dict_keys(['my_dag']) retrieved from /home/ubuntu/airflow/dags/customer_churn_dag.py
[2023-11-01T01:56:16.394+0000] {logging_mixin.py:151} INFO - [2023-11-01T01:56:16.393+0000] {dag.py:2941} INFO - Sync 1 DAGs
[2023-11-01T01:56:16.417+0000] {logging_mixin.py:151} INFO - [2023-11-01T01:56:16.417+0000] {dag.py:3722} INFO - Setting next_dagrun for my_dag to 2023-10-29T00:00:00+00:00, run_after=2023-11-05T00:00:00+00:00
[2023-11-01T01:56:16.441+0000] {processor.py:179} INFO - Processing /home/ubuntu/airflow/dags/customer_churn_dag.py took 0.091 seconds
[2023-11-01T01:56:46.514+0000] {processor.py:157} INFO - Started process (PID=26872) to work on /home/ubuntu/airflow/dags/customer_churn_dag.py
[2023-11-01T01:56:46.515+0000] {processor.py:829} INFO - Processing file /home/ubuntu/airflow/dags/customer_churn_dag.py for tasks to queue
[2023-11-01T01:56:46.517+0000] {logging_mixin.py:151} INFO - [2023-11-01T01:56:46.517+0000] {dagbag.py:536} INFO - Filling up the DagBag from /home/ubuntu/airflow/dags/customer_churn_dag.py
[2023-11-01T01:56:46.529+0000] {processor.py:839} INFO - DAG(s) dict_keys(['my_dag']) retrieved from /home/ubuntu/airflow/dags/customer_churn_dag.py
[2023-11-01T01:56:46.552+0000] {logging_mixin.py:151} INFO - [2023-11-01T01:56:46.551+0000] {dag.py:2941} INFO - Sync 1 DAGs
[2023-11-01T01:56:46.574+0000] {logging_mixin.py:151} INFO - [2023-11-01T01:56:46.574+0000] {dag.py:3722} INFO - Setting next_dagrun for my_dag to 2023-10-29T00:00:00+00:00, run_after=2023-11-05T00:00:00+00:00
[2023-11-01T01:56:46.596+0000] {processor.py:179} INFO - Processing /home/ubuntu/airflow/dags/customer_churn_dag.py took 0.086 seconds
[2023-11-01T01:57:16.756+0000] {processor.py:157} INFO - Started process (PID=26874) to work on /home/ubuntu/airflow/dags/customer_churn_dag.py
[2023-11-01T01:57:16.758+0000] {processor.py:829} INFO - Processing file /home/ubuntu/airflow/dags/customer_churn_dag.py for tasks to queue
[2023-11-01T01:57:16.760+0000] {logging_mixin.py:151} INFO - [2023-11-01T01:57:16.760+0000] {dagbag.py:536} INFO - Filling up the DagBag from /home/ubuntu/airflow/dags/customer_churn_dag.py
[2023-11-01T01:57:16.772+0000] {processor.py:839} INFO - DAG(s) dict_keys(['my_dag']) retrieved from /home/ubuntu/airflow/dags/customer_churn_dag.py
[2023-11-01T01:57:16.796+0000] {logging_mixin.py:151} INFO - [2023-11-01T01:57:16.796+0000] {dag.py:2941} INFO - Sync 1 DAGs
[2023-11-01T01:57:16.820+0000] {logging_mixin.py:151} INFO - [2023-11-01T01:57:16.820+0000] {dag.py:3722} INFO - Setting next_dagrun for my_dag to 2023-10-29T00:00:00+00:00, run_after=2023-11-05T00:00:00+00:00
[2023-11-01T01:57:16.842+0000] {processor.py:179} INFO - Processing /home/ubuntu/airflow/dags/customer_churn_dag.py took 0.089 seconds
[2023-11-01T01:57:46.999+0000] {processor.py:157} INFO - Started process (PID=26876) to work on /home/ubuntu/airflow/dags/customer_churn_dag.py
[2023-11-01T01:57:47.000+0000] {processor.py:829} INFO - Processing file /home/ubuntu/airflow/dags/customer_churn_dag.py for tasks to queue
[2023-11-01T01:57:47.002+0000] {logging_mixin.py:151} INFO - [2023-11-01T01:57:47.001+0000] {dagbag.py:536} INFO - Filling up the DagBag from /home/ubuntu/airflow/dags/customer_churn_dag.py
[2023-11-01T01:57:47.013+0000] {processor.py:839} INFO - DAG(s) dict_keys(['my_dag']) retrieved from /home/ubuntu/airflow/dags/customer_churn_dag.py
[2023-11-01T01:57:47.036+0000] {logging_mixin.py:151} INFO - [2023-11-01T01:57:47.036+0000] {dag.py:2941} INFO - Sync 1 DAGs
[2023-11-01T01:57:47.059+0000] {logging_mixin.py:151} INFO - [2023-11-01T01:57:47.059+0000] {dag.py:3722} INFO - Setting next_dagrun for my_dag to 2023-10-29T00:00:00+00:00, run_after=2023-11-05T00:00:00+00:00
[2023-11-01T01:57:47.080+0000] {processor.py:179} INFO - Processing /home/ubuntu/airflow/dags/customer_churn_dag.py took 0.085 seconds
[2023-11-01T01:58:17.415+0000] {processor.py:157} INFO - Started process (PID=27284) to work on /home/ubuntu/airflow/dags/customer_churn_dag.py
[2023-11-01T01:58:17.416+0000] {processor.py:829} INFO - Processing file /home/ubuntu/airflow/dags/customer_churn_dag.py for tasks to queue
[2023-11-01T01:58:17.418+0000] {logging_mixin.py:151} INFO - [2023-11-01T01:58:17.418+0000] {dagbag.py:536} INFO - Filling up the DagBag from /home/ubuntu/airflow/dags/customer_churn_dag.py
[2023-11-01T01:58:17.430+0000] {processor.py:839} INFO - DAG(s) dict_keys(['my_dag']) retrieved from /home/ubuntu/airflow/dags/customer_churn_dag.py
[2023-11-01T01:58:17.454+0000] {logging_mixin.py:151} INFO - [2023-11-01T01:58:17.453+0000] {dag.py:2941} INFO - Sync 1 DAGs
[2023-11-01T01:58:17.477+0000] {logging_mixin.py:151} INFO - [2023-11-01T01:58:17.477+0000] {dag.py:3722} INFO - Setting next_dagrun for my_dag to 2023-10-29T00:00:00+00:00, run_after=2023-11-05T00:00:00+00:00
[2023-11-01T01:58:17.497+0000] {processor.py:179} INFO - Processing /home/ubuntu/airflow/dags/customer_churn_dag.py took 0.086 seconds
